2024-04-07 14:14:01 [restartedMain] INFO  : Starting ModuleMini1Application using Java 17.0.10 with PID 9340 (C:\Users\Teja\Desktop\Workspace\HIS\BackEnd\mini-1\target\classes started by Teja in C:\Users\Teja\Desktop\Workspace\HIS\BackEnd\mini-1)
2024-04-07 14:14:01 [restartedMain] INFO  : No active profile set, falling back to 1 default profile: "default"
2024-04-07 14:14:02 [restartedMain] INFO  : Devtools property defaults active! Set 'spring.devtools.add-properties' to 'false' to disable
2024-04-07 14:14:02 [restartedMain] INFO  : For additional web related logging consider setting the 'logging.level.web' property to 'DEBUG'
2024-04-07 14:14:05 [restartedMain] INFO  : Bootstrapping Spring Data JPA repositories in DEFAULT mode.
2024-04-07 14:14:05 [restartedMain] INFO  : Finished Spring Data repository scanning in 267 ms. Found 2 JPA repository interfaces.
2024-04-07 14:14:09 [restartedMain] INFO  : Tomcat initialized with port(s): 8080 (http)
2024-04-07 14:14:09 [restartedMain] INFO  : Initializing ProtocolHandler ["http-nio-8080"]
2024-04-07 14:14:09 [restartedMain] INFO  : Starting service [Tomcat]
2024-04-07 14:14:09 [restartedMain] INFO  : Starting Servlet engine: [Apache Tomcat/10.1.19]
2024-04-07 14:14:09 [restartedMain] INFO  : Initializing Spring embedded WebApplicationContext
2024-04-07 14:14:09 [restartedMain] INFO  : Root WebApplicationContext: initialization completed in 7550 ms
2024-04-07 14:14:09 [restartedMain] INFO  : HikariPool-1 - Starting...
2024-04-07 14:14:10 [restartedMain] INFO  : HikariPool-1 - Added connection com.mysql.cj.jdbc.ConnectionImpl@5a60eba
2024-04-07 14:14:10 [restartedMain] INFO  : HikariPool-1 - Start completed.
2024-04-07 14:14:10 [restartedMain] INFO  : H2 console available at '/h2-console'. Database available at 'jdbc:mysql://localhost:3306/testdb'
2024-04-07 14:14:11 [restartedMain] INFO  : HHH000204: Processing PersistenceUnitInfo [name: default]
2024-04-07 14:14:11 [restartedMain] INFO  : HHH000412: Hibernate ORM core version 6.2.22.Final
2024-04-07 14:14:11 [restartedMain] INFO  : HHH000406: Using bytecode reflection optimizer
2024-04-07 14:14:12 [restartedMain] INFO  : No LoadTimeWeaver setup: ignoring JPA class transformer
2024-04-07 14:14:12 [restartedMain] WARN  : HHH90000025: MySQL8Dialect does not need to be specified explicitly using 'hibernate.dialect' (remove the property setting and it will be selected by default)
2024-04-07 14:14:12 [restartedMain] WARN  : HHH90000026: MySQL8Dialect has been deprecated; use org.hibernate.dialect.MySQLDialect instead
2024-04-07 14:14:14 [restartedMain] INFO  : HHH000489: No JTA platform available (set 'hibernate.transaction.jta.platform' to enable JTA platform integration)
2024-04-07 14:14:14 [restartedMain] INFO  : Initialized JPA EntityManagerFactory for persistence unit 'default'
2024-04-07 14:14:16 [restartedMain] WARN  : spring.jpa.open-in-view is enabled by default. Therefore, database queries may be performed during view rendering. Explicitly configure spring.jpa.open-in-view to disable this warning
2024-04-07 14:14:18 [restartedMain] INFO  : LiveReload server is running on port 35729
2024-04-07 14:14:18 [restartedMain] INFO  : Starting ProtocolHandler ["http-nio-8080"]
2024-04-07 14:14:18 [restartedMain] INFO  : Tomcat started on port(s): 8080 (http) with context path ''
2024-04-07 14:14:18 [restartedMain] INFO  : Started ModuleMini1Application in 18.415 seconds (process running for 28.058)
2024-04-07 14:23:08 [http-nio-8080-exec-1] INFO  : Initializing Spring DispatcherServlet 'dispatcherServlet'
2024-04-07 14:23:08 [http-nio-8080-exec-1] INFO  : Initializing Servlet 'dispatcherServlet'
2024-04-07 14:23:08 [http-nio-8080-exec-1] INFO  : Completed initialization in 69 ms
2024-04-07 14:23:09 [http-nio-8080-exec-1] INFO  : Method invoked: class com.mini1.service.PlanServicesImpl:getAllCategorys() Arguments: []
2024-04-07 14:23:10 [http-nio-8080-exec-1] INFO  : class com.mini1.service.PlanServicesImpl : getAllCategorys() Response: []
2024-04-07 14:23:27 [http-nio-8080-exec-3] INFO  : Method invoked: class com.mini1.service.PlanServicesImpl:savePlan() Arguments: [Plan(planId=null, planName=teja, planStartDate=2024-04-04, planEndDate=2024-05-02, categoryId=0, activeSwitch=null, createdDate=null, updatedDate=null, createdBy=null, updateBy=null)]
2024-04-07 14:23:27 [http-nio-8080-exec-3] INFO  : class com.mini1.service.PlanServicesImpl : savePlan() Response: true
2024-04-07 14:23:27 [http-nio-8080-exec-4] INFO  : Method invoked: class com.mini1.service.PlanServicesImpl:getAllPlans() Arguments: []
2024-04-07 14:23:27 [http-nio-8080-exec-5] INFO  : Method invoked: class com.mini1.service.PlanServicesImpl:getAllCategorys() Arguments: []
2024-04-07 14:23:27 [http-nio-8080-exec-4] INFO  : class com.mini1.service.PlanServicesImpl : getAllPlans() Response: [Plan(planId=1, planName=teja, planStartDate=2024-04-04, planEndDate=2024-05-02, categoryId=0, activeSwitch=null, createdDate=2024-04-07, updatedDate=null, createdBy=null, updateBy=null)]
2024-04-07 14:23:27 [http-nio-8080-exec-5] INFO  : class com.mini1.service.PlanServicesImpl : getAllCategorys() Response: []
2024-04-07 14:23:31 [http-nio-8080-exec-8] INFO  : Method invoked: class com.mini1.service.PlanServicesImpl:planStatusChange() Arguments: [1, Y]
2024-04-07 14:23:31 [http-nio-8080-exec-8] INFO  : class com.mini1.service.PlanServicesImpl : planStatusChange() Response: true
2024-04-07 14:23:31 [http-nio-8080-exec-7] INFO  : Method invoked: class com.mini1.service.PlanServicesImpl:getAllPlans() Arguments: []
2024-04-07 14:23:31 [http-nio-8080-exec-10] INFO  : Method invoked: class com.mini1.service.PlanServicesImpl:getAllCategorys() Arguments: []
2024-04-07 14:23:31 [http-nio-8080-exec-7] INFO  : class com.mini1.service.PlanServicesImpl : getAllPlans() Response: [Plan(planId=1, planName=teja, planStartDate=2024-04-04, planEndDate=2024-05-02, categoryId=0, activeSwitch=Y, createdDate=2024-04-07, updatedDate=2024-04-07, createdBy=null, updateBy=null)]
2024-04-07 14:23:31 [http-nio-8080-exec-10] INFO  : class com.mini1.service.PlanServicesImpl : getAllCategorys() Response: []
2024-04-07 14:23:32 [http-nio-8080-exec-1] INFO  : Method invoked: class com.mini1.service.PlanServicesImpl:planStatusChange() Arguments: [1, N]
2024-04-07 14:23:32 [http-nio-8080-exec-1] INFO  : class com.mini1.service.PlanServicesImpl : planStatusChange() Response: true
2024-04-07 14:23:32 [http-nio-8080-exec-2] INFO  : Method invoked: class com.mini1.service.PlanServicesImpl:getAllPlans() Arguments: []
2024-04-07 14:23:32 [http-nio-8080-exec-3] INFO  : Method invoked: class com.mini1.service.PlanServicesImpl:getAllCategorys() Arguments: []
2024-04-07 14:23:32 [http-nio-8080-exec-2] INFO  : class com.mini1.service.PlanServicesImpl : getAllPlans() Response: [Plan(planId=1, planName=teja, planStartDate=2024-04-04, planEndDate=2024-05-02, categoryId=0, activeSwitch=N, createdDate=2024-04-07, updatedDate=2024-04-07, createdBy=null, updateBy=null)]
2024-04-07 14:23:32 [http-nio-8080-exec-3] INFO  : class com.mini1.service.PlanServicesImpl : getAllCategorys() Response: []
2024-04-07 15:02:13 [http-nio-8080-exec-8] INFO  : Method invoked: class com.mini1.service.PlanServicesImpl:getAllCategorys() Arguments: []
2024-04-07 15:02:13 [http-nio-8080-exec-6] INFO  : Method invoked: class com.mini1.service.PlanServicesImpl:getAllPlans() Arguments: []
2024-04-07 15:02:13 [http-nio-8080-exec-8] INFO  : class com.mini1.service.PlanServicesImpl : getAllCategorys() Response: []
2024-04-07 15:02:13 [http-nio-8080-exec-6] INFO  : class com.mini1.service.PlanServicesImpl : getAllPlans() Response: [Plan(planId=1, planName=teja, planStartDate=2024-04-04, planEndDate=2024-05-02, categoryId=0, activeSwitch=N, createdDate=2024-04-07, updatedDate=2024-04-07, createdBy=null, updateBy=null)]
2024-04-07 15:02:15 [http-nio-8080-exec-7] INFO  : Method invoked: class com.mini1.service.PlanServicesImpl:getAllCategorys() Arguments: []
2024-04-07 15:02:15 [http-nio-8080-exec-7] INFO  : class com.mini1.service.PlanServicesImpl : getAllCategorys() Response: []
2024-04-07 15:02:33 [RMI TCP Connection(65)-127.0.0.1] INFO  : Application shutdown requested.
2024-04-07 15:02:34 [RMI TCP Connection(65)-127.0.0.1] INFO  : Pausing ProtocolHandler ["http-nio-8080"]
2024-04-07 15:02:34 [RMI TCP Connection(65)-127.0.0.1] INFO  : Stopping service [Tomcat]
2024-04-07 15:02:34 [RMI TCP Connection(65)-127.0.0.1] INFO  : Destroying Spring FrameworkServlet 'dispatcherServlet'
2024-04-07 15:02:34 [RMI TCP Connection(65)-127.0.0.1] INFO  : Stopping ProtocolHandler ["http-nio-8080"]
2024-04-07 15:02:34 [RMI TCP Connection(65)-127.0.0.1] INFO  : Closing JPA EntityManagerFactory for persistence unit 'default'
2024-04-07 15:02:34 [RMI TCP Connection(65)-127.0.0.1] INFO  : HikariPool-1 - Shutdown initiated...
2024-04-07 15:02:34 [RMI TCP Connection(65)-127.0.0.1] INFO  : HikariPool-1 - Shutdown completed.
